Using pre-set license
Built from '2022.3/staging' branch; Version is '2022.3.6f1 (b9e6e7e9fa2d) revision 12183271'; Using compiler version '192829333'; Build Type 'Release'
OS: 'Windows 10  (10.0.19045) 64bit CoreSingleLanguage' Language: 'en' Physical Memory: 7967 MB
BatchMode: 1, IsHumanControllingUs: 0, StartBugReporterOnCrash: 0, Is64bit: 1, IsPro: 1

COMMAND LINE ARGUMENTS:
C:\Program Files\Unity\Hub\Editor\2022.3.6f1\Editor\Unity.exe
-adb2
-batchMode
-noUpm
-name
AssetImportWorker5
-projectPath
C:/Users/MW/OneDrive/Documents/GitHub/128968/FinalYearProject
-logFile
Logs/AssetImportWorker5.log
-srvPort
58847
Successfully changed project path to: C:/Users/MW/OneDrive/Documents/GitHub/128968/FinalYearProject
C:/Users/MW/OneDrive/Documents/GitHub/128968/FinalYearProject
[UnityMemory] Configuration Parameters - Can be set up in boot.config
    "memorysetup-bucket-allocator-granularity=16"
    "memorysetup-bucket-allocator-bucket-count=8"
    "memorysetup-bucket-allocator-block-size=33554432"
    "memorysetup-bucket-allocator-block-count=8"
    "memorysetup-main-allocator-block-size=16777216"
    "memorysetup-thread-allocator-block-size=16777216"
    "memorysetup-gfx-main-allocator-block-size=16777216"
    "memorysetup-gfx-thread-allocator-block-size=16777216"
    "memorysetup-cache-allocator-block-size=4194304"
    "memorysetup-typetree-allocator-block-size=2097152"
    "memorysetup-profiler-bucket-allocator-granularity=16"
    "memorysetup-profiler-bucket-allocator-bucket-count=8"
    "memorysetup-profiler-bucket-allocator-block-size=33554432"
    "memorysetup-profiler-bucket-allocator-block-count=8"
    "memorysetup-profiler-allocator-block-size=16777216"
    "memorysetup-profiler-editor-allocator-block-size=1048576"
    "memorysetup-temp-allocator-size-main=16777216"
    "memorysetup-job-temp-allocator-block-size=2097152"
    "memorysetup-job-temp-allocator-block-size-background=1048576"
    "memorysetup-job-temp-allocator-reduction-small-platforms=262144"
    "memorysetup-allocator-temp-initial-block-size-main=262144"
    "memorysetup-allocator-temp-initial-block-size-worker=262144"
    "memorysetup-temp-allocator-size-background-worker=32768"
    "memorysetup-temp-allocator-size-job-worker=262144"
    "memorysetup-temp-allocator-size-preload-manager=33554432"
    "memorysetup-temp-allocator-size-nav-mesh-worker=65536"
    "memorysetup-temp-allocator-size-audio-worker=65536"
    "memorysetup-temp-allocator-size-cloud-worker=32768"
    "memorysetup-temp-allocator-size-gi-baking-worker=262144"
    "memorysetup-temp-allocator-size-gfx=262144"
Player connection [17348] Host "[IP] 192.168.56.1 [Port] 0 [Flags] 2 [Guid] 794586971 [EditorId] 794586971 [Version] 1048832 [Id] WindowsEditor(7,DESKTOP-NKJ55PQ) [Debug] 1 [PackageName] WindowsEditor [ProjectName] Editor" joined multi-casting on [225.0.0.222:54997]...

Player connection [17348] Host "[IP] 192.168.56.1 [Port] 0 [Flags] 2 [Guid] 794586971 [EditorId] 794586971 [Version] 1048832 [Id] WindowsEditor(7,DESKTOP-NKJ55PQ) [Debug] 1 [PackageName] WindowsEditor [ProjectName] Editor" joined alternative multi-casting on [225.0.0.222:34997]...

Refreshing native plugins compatible for Editor in 40.47 ms, found 3 plugins.
Preloading 0 native plugins for Editor in 0.00 ms.
Initialize engine version: 2022.3.6f1 (b9e6e7e9fa2d)
[Subsystems] Discovering subsystems at path C:/Program Files/Unity/Hub/Editor/2022.3.6f1/Editor/Data/Resources/UnitySubsystems
[Subsystems] Discovering subsystems at path C:/Users/MW/OneDrive/Documents/GitHub/128968/FinalYearProject/Assets
GfxDevice: creating device client; threaded=0; jobified=0
Direct3D:
    Version:  Direct3D 11.0 [level 11.1]
    Renderer: Intel(R) UHD Graphics (ID=0x8a56)
    Vendor:   Intel
    VRAM:     3983 MB
    Driver:   27.20.100.8783
Initialize mono
Mono path[0] = 'C:/Program Files/Unity/Hub/Editor/2022.3.6f1/Editor/Data/Managed'
Mono path[1] = 'C:/Program Files/Unity/Hub/Editor/2022.3.6f1/Editor/Data/MonoBleedingEdge/lib/mono/unityjit-win32'
Mono config path = 'C:/Program Files/Unity/Hub/Editor/2022.3.6f1/Editor/Data/MonoBleedingEdge/etc'
Using monoOptions --debugger-agent=transport=dt_socket,embedding=1,server=y,suspend=n,address=127.0.0.1:56376
Begin MonoManager ReloadAssembly
Registering precompiled unity dll's ...
Register platform support module: C:/Program Files/Unity/Hub/Editor/2022.3.6f1/Editor/Data/PlaybackEngines/WebGLSupport/UnityEditor.WebGL.Extensions.dll
Register platform support module: C:/Program Files/Unity/Hub/Editor/2022.3.6f1/Editor/Data/PlaybackEngines/WindowsStandaloneSupport/UnityEditor.WindowsStandalone.Extensions.dll
Registered in 0.916726 seconds.
- Loaded All Assemblies, in 11.132 seconds
Native extension for WindowsStandalone target not found
Native extension for WebGL target not found
Mono: successfully reloaded assembly
- Finished resetting the current domain, in  1.891 seconds
Domain Reload Profiling: 13030ms
	BeginReloadAssembly (3055ms)
		ExecutionOrderSort (0ms)
		DisableScriptedObjects (0ms)
		BackupInstance (0ms)
		ReleaseScriptingObjects (0ms)
		CreateAndSetChildDomain (2ms)
	RebuildCommonClasses (2189ms)
	RebuildNativeTypeToScriptingClass (35ms)
	initialDomainReloadingComplete (1641ms)
	LoadAllAssembliesAndSetupDomain (4207ms)
		LoadAssemblies (3052ms)
		RebuildTransferFunctionScriptingTraits (0ms)
		AnalyzeDomain (4141ms)
			TypeCache.Refresh (4092ms)
				TypeCache.ScanAssembly (2993ms)
			ScanForSourceGeneratedMonoScriptInfo (35ms)
			ResolveRequiredComponents (14ms)
	FinalizeReload (1903ms)
		ReleaseScriptCaches (0ms)
		RebuildScriptCaches (0ms)
		SetupLoadedEditorAssemblies (1595ms)
			LogAssemblyErrors (0ms)
			InitializePlatformSupportModulesInManaged (76ms)
			SetLoadedEditorAssemblies (326ms)
			RefreshPlugins (0ms)
			BeforeProcessingInitializeOnLoad (66ms)
			ProcessInitializeOnLoadAttributes (830ms)
			ProcessInitializeOnLoadMethodAttributes (299ms)
			AfterProcessingInitializeOnLoad (0ms)
			EditorAssembliesLoaded (0ms)
		ExecutionOrderSort2 (0ms)
		AwakeInstancesAfterBackupRestoration (0ms)
========================================================================
Worker process is ready to serve import requests
Begin MonoManager ReloadAssembly
Symbol file LoadedFromMemory doesn't match image C:\Users\MW\OneDrive\Documents\GitHub\128968\FinalYearProject\Library\PackageCache\com.unity.visualscripting@1.8.0\Editor\VisualScripting.Core\Dependencies\YamlDotNet\Unity.VisualScripting.YamlDotNet.dll
Symbol file LoadedFromMemory doesn't match image C:\Users\MW\OneDrive\Documents\GitHub\128968\FinalYearProject\Library\PackageCache\com.unity.visualscripting@1.8.0\Editor\VisualScripting.Core\Dependencies\DotNetZip\Unity.VisualScripting.IonicZip.dll
- Loaded All Assemblies, in 24.747 seconds
Refreshing native plugins compatible for Editor in 13.98 ms, found 3 plugins.
Native extension for WindowsStandalone target not found
Native extension for WebGL target not found
Mono: successfully reloaded assembly
- Finished resetting the current domain, in  4.237 seconds
Domain Reload Profiling: 28957ms
	BeginReloadAssembly (510ms)
		ExecutionOrderSort (0ms)
		DisableScriptedObjects (22ms)
		BackupInstance (0ms)
		ReleaseScriptingObjects (0ms)
		CreateAndSetChildDomain (111ms)
	RebuildCommonClasses (91ms)
	RebuildNativeTypeToScriptingClass (27ms)
	initialDomainReloadingComplete (143ms)
	LoadAllAssembliesAndSetupDomain (23948ms)
		LoadAssemblies (22035ms)
		RebuildTransferFunctionScriptingTraits (0ms)
		AnalyzeDomain (2123ms)
			TypeCache.Refresh (1991ms)
				TypeCache.ScanAssembly (1798ms)
			ScanForSourceGeneratedMonoScriptInfo (119ms)
			ResolveRequiredComponents (12ms)
	FinalizeReload (4239ms)
		ReleaseScriptCaches (0ms)
		RebuildScriptCaches (0ms)
		SetupLoadedEditorAssemblies (3729ms)
			LogAssemblyErrors (0ms)
			InitializePlatformSupportModulesInManaged (23ms)
			SetLoadedEditorAssemblies (10ms)
			RefreshPlugins (0ms)
			BeforeProcessingInitializeOnLoad (202ms)
			ProcessInitializeOnLoadAttributes (3405ms)
			ProcessInitializeOnLoadMethodAttributes (66ms)
			AfterProcessingInitializeOnLoad (22ms)
			EditorAssembliesLoaded (0ms)
		ExecutionOrderSort2 (0ms)
		AwakeInstancesAfterBackupRestoration (19ms)
Launched and connected shader compiler UnityShaderCompiler.exe after 0.78 seconds
Refreshing native plugins compatible for Editor in 237.74 ms, found 3 plugins.
Preloading 0 native plugins for Editor in 0.00 ms.
Unloading 3639 Unused Serialized files (Serialized files now loaded: 0)
Unloading 69 unused Assets / (1.7 MB). Loaded Objects now: 4077.
Memory consumption went from 141.5 MB to 139.8 MB.
Total: 96.907400 ms (FindLiveObjects: 4.567300 ms CreateObjectMapping: 0.662900 ms MarkObjects: 89.001500 ms  DeleteObjects: 2.673700 ms)

AssetImportParameters requested are different than current active one (requested -> active):
  custom:container-demuxer-ogg: 62fdf1f143b41e24485cea50d1cbac27 -> 
  custom:video-decoder-ogg-theora: a1e56fd34408186e4bbccfd4996cb3dc -> 
  custom:framework-win-MediaFoundation: 216162199b28c13a410421893ffa2e32 -> 
  custom:CustomObjectIndexerAttribute: 756ad292c208cfabdd7b50bc23989ffe -> 
  custom:container-demuxer-webm: 4f35f7cbe854078d1ac9338744f61a02 -> 
  custom:container-muxer-webm: aa71ff27fc2769a1b78a27578f13a17b -> 
  custom:video-decoder-webm-vp8: 9c59270c3fd7afecdb556c50c9e8de78 -> 
  custom:SearchIndexIgnoredProperties: e643bd26f0fe6173181afceb89e7c659 -> 
  custom:AudioImporter_EditorPlatform: d09bf68614088b80899f8185d706f6e7 -> 
  custom:video-encoder-webm-vp8: eb34c28f22e8b96e1ab97ce403110664 -> 
  custom:audio-decoder-ogg-vorbis: bf7c407c2cedff20999df2af8eb42d56 -> 
  custom:audio-encoder-webm-vorbis: bf7c407c2cedff20999df2af8eb42d56 -> 
========================================================================
Received Import Request.
  Time since last request: 765092.918184 seconds.
  path: Assets/Scripts/MenuController.cs
  artifactKey: Guid(b9994f5d24012dc4b9349ad0ad3d95ff) Importer(815301076,1909f56bfc062723c751e8b465ee728b)
Start importing Assets/Scripts/MenuController.cs using Guid(b9994f5d24012dc4b9349ad0ad3d95ff) Importer(815301076,1909f56bfc062723c751e8b465ee728b)  -> (artifact id: '1a088f29fa9654a599459f1a6595c3d4') in 0.163471 seconds
Number of updated asset objects reloaded before import = 0
Number of asset objects unloaded after import = 0
========================================================================
Received Import Request.
  Time since last request: 1550.308634 seconds.
  path: Assets/Free/Wooden Floor Pack/Materials/Wooden Floor.mat
  artifactKey: Guid(5de9b7ba7a360b7409c89428c77dd241) Importer(815301076,1909f56bfc062723c751e8b465ee728b)
Start importing Assets/Free/Wooden Floor Pack/Materials/Wooden Floor.mat using Guid(5de9b7ba7a360b7409c89428c77dd241) Importer(815301076,1909f56bfc062723c751e8b465ee728b)  -> (artifact id: '2d463eb96df2fcb771f124d3a350ac1b') in 11.953934 seconds
Number of updated asset objects reloaded before import = 0
Number of asset objects unloaded after import = 6
========================================================================
Received Import Request.
  Time since last request: 0.000062 seconds.
  path: Assets/Free/Wooden Floor Pack/Materials/Wooden Floor 2.mat
  artifactKey: Guid(7e57d6bb6a6a1b74795062b56af48f40) Importer(815301076,1909f56bfc062723c751e8b465ee728b)
Start importing Assets/Free/Wooden Floor Pack/Materials/Wooden Floor 2.mat using Guid(7e57d6bb6a6a1b74795062b56af48f40) Importer(815301076,1909f56bfc062723c751e8b465ee728b)  -> (artifact id: 'a896bce25a0b525b78b4dc5613d654a3') in 0.139344 seconds
Number of updated asset objects reloaded before import = 0
Number of asset objects unloaded after import = 6
========================================================================
Received Import Request.
  Time since last request: 0.000073 seconds.
  path: Assets/Free/Wooden Floor Pack/Materials/Wooden Floor 4.mat
  artifactKey: Guid(b00045d5b284de34ea2e777e68ea2dfe) Importer(815301076,1909f56bfc062723c751e8b465ee728b)
Start importing Assets/Free/Wooden Floor Pack/Materials/Wooden Floor 4.mat using Guid(b00045d5b284de34ea2e777e68ea2dfe) Importer(815301076,1909f56bfc062723c751e8b465ee728b)  -> (artifact id: 'd3303d9de4a6f2adfbb30a6acb4d057e') in 0.056564 seconds
Number of updated asset objects reloaded before import = 0
Number of asset objects unloaded after import = 6
========================================================================
Received Prepare
Begin MonoManager ReloadAssembly
Symbol file LoadedFromMemory doesn't match image C:\Users\MW\OneDrive\Documents\GitHub\128968\FinalYearProject\Library\PackageCache\com.unity.visualscripting@1.8.0\Editor\VisualScripting.Core\Dependencies\YamlDotNet\Unity.VisualScripting.YamlDotNet.dll
Symbol file LoadedFromMemory doesn't match image C:\Users\MW\OneDrive\Documents\GitHub\128968\FinalYearProject\Library\PackageCache\com.unity.visualscripting@1.8.0\Editor\VisualScripting.Core\Dependencies\DotNetZip\Unity.VisualScripting.IonicZip.dll
- Loaded All Assemblies, in 11.664 seconds
Refreshing native plugins compatible for Editor in 21.38 ms, found 3 plugins.
Native extension for WindowsStandalone target not found
Native extension for WebGL target not found
Mono: successfully reloaded assembly
- Finished resetting the current domain, in 31.564 seconds
Domain Reload Profiling: 43212ms
	BeginReloadAssembly (7003ms)
		ExecutionOrderSort (0ms)
		DisableScriptedObjects (302ms)
		BackupInstance (0ms)
		ReleaseScriptingObjects (1ms)
		CreateAndSetChildDomain (3426ms)
	RebuildCommonClasses (297ms)
	RebuildNativeTypeToScriptingClass (62ms)
	initialDomainReloadingComplete (220ms)
	LoadAllAssembliesAndSetupDomain (4064ms)
		LoadAssemblies (2877ms)
		RebuildTransferFunctionScriptingTraits (0ms)
		AnalyzeDomain (2351ms)
			TypeCache.Refresh (2323ms)
				TypeCache.ScanAssembly (1732ms)
			ScanForSourceGeneratedMonoScriptInfo (1ms)
			ResolveRequiredComponents (27ms)
	FinalizeReload (31566ms)
		ReleaseScriptCaches (0ms)
		RebuildScriptCaches (0ms)
		SetupLoadedEditorAssemblies (2524ms)
			LogAssemblyErrors (0ms)
			InitializePlatformSupportModulesInManaged (38ms)
			SetLoadedEditorAssemblies (13ms)
			RefreshPlugins (0ms)
			BeforeProcessingInitializeOnLoad (279ms)
			ProcessInitializeOnLoadAttributes (2096ms)
			ProcessInitializeOnLoadMethodAttributes (65ms)
			AfterProcessingInitializeOnLoad (33ms)
			EditorAssembliesLoaded (0ms)
		ExecutionOrderSort2 (0ms)
		AwakeInstancesAfterBackupRestoration (23ms)
Refreshing native plugins compatible for Editor in 12.92 ms, found 3 plugins.
Preloading 0 native plugins for Editor in 0.00 ms.
Unloading 3625 Unused Serialized files (Serialized files now loaded: 0)
Unloading 56 unused Assets / (1.7 MB). Loaded Objects now: 4123.
Memory consumption went from 143.7 MB to 142.0 MB.
Total: 11.259700 ms (FindLiveObjects: 0.505300 ms CreateObjectMapping: 0.246900 ms MarkObjects: 8.143100 ms  DeleteObjects: 2.360800 ms)

Prepare: number of updated asset objects reloaded= 0
AssetImportParameters requested are different than current active one (requested -> active):
  custom:container-demuxer-ogg: 62fdf1f143b41e24485cea50d1cbac27 -> 
  custom:video-decoder-ogg-theora: a1e56fd34408186e4bbccfd4996cb3dc -> 
  custom:framework-win-MediaFoundation: 216162199b28c13a410421893ffa2e32 -> 
  custom:CustomObjectIndexerAttribute: 756ad292c208cfabdd7b50bc23989ffe -> 
  custom:container-demuxer-webm: 4f35f7cbe854078d1ac9338744f61a02 -> 
  custom:container-muxer-webm: aa71ff27fc2769a1b78a27578f13a17b -> 
  custom:video-decoder-webm-vp8: 9c59270c3fd7afecdb556c50c9e8de78 -> 
  custom:SearchIndexIgnoredProperties: e643bd26f0fe6173181afceb89e7c659 -> 
  custom:AudioImporter_EditorPlatform: d09bf68614088b80899f8185d706f6e7 -> 
  custom:video-encoder-webm-vp8: eb34c28f22e8b96e1ab97ce403110664 -> 
  custom:audio-decoder-ogg-vorbis: bf7c407c2cedff20999df2af8eb42d56 -> 
  custom:audio-encoder-webm-vorbis: bf7c407c2cedff20999df2af8eb42d56 -> 
========================================================================
Received Import Request.
  Time since last request: 2700.433360 seconds.
  path: Assets/Free/Wooden Floor Pack/Textures
  artifactKey: Guid(cb8eb2715f75fd749a4ef1d2a357ca53) Importer(815301076,1909f56bfc062723c751e8b465ee728b)
Start importing Assets/Free/Wooden Floor Pack/Textures using Guid(cb8eb2715f75fd749a4ef1d2a357ca53) Importer(815301076,1909f56bfc062723c751e8b465ee728b)  -> (artifact id: '1cf3a79706c320b9a2bab53b21a88f29') in 0.089942 seconds
Number of updated asset objects reloaded before import = 0
Number of asset objects unloaded after import = 0
========================================================================
Received Import Request.
  Time since last request: 0.891209 seconds.
  path: Assets/Free/Wooden Floor Pack/Textures/Wooden Floor3
  artifactKey: Guid(477510145e9a9df4bab87d5fed4fe37a) Importer(815301076,1909f56bfc062723c751e8b465ee728b)
Start importing Assets/Free/Wooden Floor Pack/Textures/Wooden Floor3 using Guid(477510145e9a9df4bab87d5fed4fe37a) Importer(815301076,1909f56bfc062723c751e8b465ee728b)  -> (artifact id: '1195bcc4598190363433ccd7f2ca9f51') in 0.001372 seconds
Number of updated asset objects reloaded before import = 0
Number of asset objects unloaded after import = 0
========================================================================
Received Import Request.
  Time since last request: 0.000182 seconds.
  path: Assets/Free/Wooden Floor Pack/Textures/Wooden Floor3/Wooden Floor3_4K_Roughness.tga
  artifactKey: Guid(a752bb8b426c8df4493608bae16acc3d) Importer(815301076,1909f56bfc062723c751e8b465ee728b)
Start importing Assets/Free/Wooden Floor Pack/Textures/Wooden Floor3/Wooden Floor3_4K_Roughness.tga using Guid(a752bb8b426c8df4493608bae16acc3d) Importer(815301076,1909f56bfc062723c751e8b465ee728b)  -> (artifact id: '0df4e251aaa29167b974f33bb693f035') in 0.276906 seconds
Number of updated asset objects reloaded before import = 0
Number of asset objects unloaded after import = 2
========================================================================
Received Import Request.
  Time since last request: 0.000089 seconds.
  path: Assets/Free/Wooden Floor Pack/Textures/Wooden Floor3/Wooden Floor3_4K_Normal.tga
  artifactKey: Guid(80316b94a51a50e4785eae051a18d94e) Importer(815301076,1909f56bfc062723c751e8b465ee728b)
Start importing Assets/Free/Wooden Floor Pack/Textures/Wooden Floor3/Wooden Floor3_4K_Normal.tga using Guid(80316b94a51a50e4785eae051a18d94e) Importer(815301076,1909f56bfc062723c751e8b465ee728b)  -> (artifact id: 'd69b11182f41c4020e1c93df8cc036ae') in 0.243653 seconds
Number of updated asset objects reloaded before import = 0
Number of asset objects unloaded after import = 2
========================================================================
Received Import Request.
  Time since last request: 0.000040 seconds.
  path: Assets/Free/Wooden Floor Pack/Textures/Wooden Floor3/Wooden Floor3_4K_Albedo.tga
  artifactKey: Guid(da92a2728ea126944b4cf518d141d499) Importer(815301076,1909f56bfc062723c751e8b465ee728b)
Start importing Assets/Free/Wooden Floor Pack/Textures/Wooden Floor3/Wooden Floor3_4K_Albedo.tga using Guid(da92a2728ea126944b4cf518d141d499) Importer(815301076,1909f56bfc062723c751e8b465ee728b)  -> (artifact id: '517efd60ef593966fa9585848fe189f1') in 0.129993 seconds
Number of updated asset objects reloaded before import = 0
Number of asset objects unloaded after import = 2
========================================================================
Received Import Request.
  Time since last request: 0.000064 seconds.
  path: Assets/Free/Wooden Floor Pack/Textures/Wooden Floor3/Wooden Floor3_4K_Gloss.tga
  artifactKey: Guid(2d48024116e45de41a2b9278769a9750) Importer(815301076,1909f56bfc062723c751e8b465ee728b)
Start importing Assets/Free/Wooden Floor Pack/Textures/Wooden Floor3/Wooden Floor3_4K_Gloss.tga using Guid(2d48024116e45de41a2b9278769a9750) Importer(815301076,1909f56bfc062723c751e8b465ee728b)  -> (artifact id: 'f7514ecd06c8465ea5cdc77120b3d899') in 0.074719 seconds
Number of updated asset objects reloaded before import = 0
Number of asset objects unloaded after import = 2
========================================================================
Received Import Request.
  Time since last request: 0.000042 seconds.
  path: Assets/Free/Wooden Floor Pack/Textures/Wooden Floor3/Wooden Floor3_4K_Displacement.tga
  artifactKey: Guid(8a59b28ce306daf44b8e6531e8e53f11) Importer(815301076,1909f56bfc062723c751e8b465ee728b)
Start importing Assets/Free/Wooden Floor Pack/Textures/Wooden Floor3/Wooden Floor3_4K_Displacement.tga using Guid(8a59b28ce306daf44b8e6531e8e53f11) Importer(815301076,1909f56bfc062723c751e8b465ee728b)  -> (artifact id: '378500155285b4f8062ec0d63de2b525') in 0.064823 seconds
Number of updated asset objects reloaded before import = 0
Number of asset objects unloaded after import = 2
========================================================================
Received Import Request.
  Time since last request: 0.000026 seconds.
  path: Assets/Free/Wooden Floor Pack/Textures/Wooden Floor3/Wooden Floor3_4K_Metalness.tga
  artifactKey: Guid(36c2df656dfdf7948b5885811812fff8) Importer(815301076,1909f56bfc062723c751e8b465ee728b)
Start importing Assets/Free/Wooden Floor Pack/Textures/Wooden Floor3/Wooden Floor3_4K_Metalness.tga using Guid(36c2df656dfdf7948b5885811812fff8) Importer(815301076,1909f56bfc062723c751e8b465ee728b)  -> (artifact id: '04b4df9564e11419dbd91aaa67d90310') in 0.060708 seconds
Number of updated asset objects reloaded before import = 0
Number of asset objects unloaded after import = 2
========================================================================
Received Import Request.
  Time since last request: 41.725968 seconds.
  path: Assets/Free/Wooden Floor Pack/Textures/Wooden Floor/Wooden Floor_4K_Albedo.tga
  artifactKey: Guid(8e343a29d61854e4ea2e2d3a6d86f82c) Importer(815301076,1909f56bfc062723c751e8b465ee728b)
Start importing Assets/Free/Wooden Floor Pack/Textures/Wooden Floor/Wooden Floor_4K_Albedo.tga using Guid(8e343a29d61854e4ea2e2d3a6d86f82c) Importer(815301076,1909f56bfc062723c751e8b465ee728b)  -> (artifact id: '80d5924a2a5074ada02d6c61c3738574') in 0.092271 seconds
Number of updated asset objects reloaded before import = 0
Number of asset objects unloaded after import = 2
========================================================================
Received Import Request.
  Time since last request: 0.000069 seconds.
  path: Assets/Free/Wooden Floor Pack/Textures/Wooden Floor/Wooden Floor_4K_Gloss.tga
  artifactKey: Guid(f5e6c3e070d732c47bc9f7b02c519e31) Importer(815301076,1909f56bfc062723c751e8b465ee728b)
Start importing Assets/Free/Wooden Floor Pack/Textures/Wooden Floor/Wooden Floor_4K_Gloss.tga using Guid(f5e6c3e070d732c47bc9f7b02c519e31) Importer(815301076,1909f56bfc062723c751e8b465ee728b)  -> (artifact id: '63c16de9109e875c2d8bdcb3a376a879') in 0.088150 seconds
Number of updated asset objects reloaded before import = 0
Number of asset objects unloaded after import = 2
========================================================================
Received Import Request.
  Time since last request: 0.000039 seconds.
  path: Assets/Free/Wooden Floor Pack/Textures/Wooden Floor/Wooden Floor_4K_Roughness.tga
  artifactKey: Guid(7136ec304def3064fb21aa4ba8a0502e) Importer(815301076,1909f56bfc062723c751e8b465ee728b)
Start importing Assets/Free/Wooden Floor Pack/Textures/Wooden Floor/Wooden Floor_4K_Roughness.tga using Guid(7136ec304def3064fb21aa4ba8a0502e) Importer(815301076,1909f56bfc062723c751e8b465ee728b)  -> (artifact id: '713f3e95677af4099da9e13b206c167d') in 0.072138 seconds
Number of updated asset objects reloaded before import = 0
Number of asset objects unloaded after import = 2
========================================================================
Received Import Request.
  Time since last request: 0.000046 seconds.
  path: Assets/Free/Wooden Floor Pack/Textures/Wooden Floor/Wooden Floor_4K_Displacement.tga
  artifactKey: Guid(d0340bf4adec4614190161165489af27) Importer(815301076,1909f56bfc062723c751e8b465ee728b)
Start importing Assets/Free/Wooden Floor Pack/Textures/Wooden Floor/Wooden Floor_4K_Displacement.tga using Guid(d0340bf4adec4614190161165489af27) Importer(815301076,1909f56bfc062723c751e8b465ee728b)  -> (artifact id: '6d21d2778a49a77593faf2bcf4f3a443') in 0.056307 seconds
Number of updated asset objects reloaded before import = 0
Number of asset objects unloaded after import = 2
========================================================================
Received Import Request.
  Time since last request: 334.637730 seconds.
  path: Assets/Brick Project Studio/_BPS Basic Assets/Common/Materials/Restroom/RR_BathroomPaper.mat
  artifactKey: Guid(59f4361ca0482dc47b43305e31892b29) Importer(815301076,1909f56bfc062723c751e8b465ee728b)
Start importing Assets/Brick Project Studio/_BPS Basic Assets/Common/Materials/Restroom/RR_BathroomPaper.mat using Guid(59f4361ca0482dc47b43305e31892b29) Importer(815301076,1909f56bfc062723c751e8b465ee728b)  -> (artifact id: '16237cd84ef8f0842434e6c5879ba8eb') in 0.834568 seconds
Number of updated asset objects reloaded before import = 0
Number of asset objects unloaded after import = 3
========================================================================
Received Import Request.
  Time since last request: 0.000072 seconds.
  path: Assets/Brick Project Studio/_BPS Basic Assets/Common/Materials/Restroom/RR_Panel_01.mat
  artifactKey: Guid(0dc30470004dae846a55ed5379ef2239) Importer(815301076,1909f56bfc062723c751e8b465ee728b)
Start importing Assets/Brick Project Studio/_BPS Basic Assets/Common/Materials/Restroom/RR_Panel_01.mat using Guid(0dc30470004dae846a55ed5379ef2239) Importer(815301076,1909f56bfc062723c751e8b465ee728b)  -> (artifact id: 'd1e03ba94175c059d358b8d7f128ea7e') in 0.141228 seconds
Number of updated asset objects reloaded before import = 0
Number of asset objects unloaded after import = 2
========================================================================
Received Import Request.
  Time since last request: 0.000093 seconds.
  path: Assets/Brick Project Studio/_BPS Basic Assets/Common/Materials/Restroom/RR_Restroom_Sign.mat
  artifactKey: Guid(5b7c74c7b0bc859459d4dd7b7f164fb2) Importer(815301076,1909f56bfc062723c751e8b465ee728b)
Start importing Assets/Brick Project Studio/_BPS Basic Assets/Common/Materials/Restroom/RR_Restroom_Sign.mat using Guid(5b7c74c7b0bc859459d4dd7b7f164fb2) Importer(815301076,1909f56bfc062723c751e8b465ee728b)  -> (artifact id: '81d62534cac2ab15ee55811df369adf3') in 0.100961 seconds
Number of updated asset objects reloaded before import = 0
Number of asset objects unloaded after import = 2
